[debug] [2017-11-04T08:30:56.234Z] ----------------------------------------------------------------------
[debug] [2017-11-04T08:30:56.236Z] Command:       /usr/local/bin/node /usr/local/bin/firebase serve
[debug] [2017-11-04T08:30:56.237Z] CLI Version:   3.14.0
[debug] [2017-11-04T08:30:56.237Z] Platform:      linux
[debug] [2017-11-04T08:30:56.237Z] Node Version:  v9.0.0
[debug] [2017-11-04T08:30:56.237Z] Time:          Sat Nov 04 2017 11:30:56 GMT+0300 (EAT)
[debug] [2017-11-04T08:30:56.237Z] ----------------------------------------------------------------------
[debug] 
[debug] [2017-11-04T08:30:56.247Z] > command requires scopes: ["email","openid","https://www.googleapis.com/auth/cloudplatformprojects.readonly","https://www.googleapis.com/auth/firebase","https://www.googleapis.com/auth/cloud-platform"]
[debug] [2017-11-04T08:30:56.248Z] > authorizing via signed-in user
[debug] [2017-11-04T08:30:56.250Z] >>> HTTP REQUEST GET https://admin.firebase.com/v1/projects/tech-bot-1009e  
 Sat Nov 04 2017 11:30:56 GMT+0300 (EAT)
[debug] [2017-11-04T08:30:57.761Z] <<< HTTP RESPONSE 200
[debug] [2017-11-04T08:30:57.762Z] >>> HTTP REQUEST GET https://admin.firebase.com/v1/database/tech-bot-1009e/tokens  
 Sat Nov 04 2017 11:30:57 GMT+0300 (EAT)
[debug] [2017-11-04T08:30:58.654Z] <<< HTTP RESPONSE 200
[info] 
[info] === Serving from '/home/memetibryan/Documents/Javascript/Bot'...
[info] 
[debug] [2017-11-04T08:30:58.663Z] >>> HTTP REQUEST GET https://cloudresourcemanager.googleapis.com/v1/projects/tech-bot-1009e  
 Sat Nov 04 2017 11:30:58 GMT+0300 (EAT)
[debug] [2017-11-04T08:31:00.117Z] <<< HTTP RESPONSE 200
[debug] [2017-11-04T08:31:00.118Z] >>> HTTP REQUEST GET https://mobilesdk-pa.googleapis.com/v1/projects/367232255693/clients/_:getWebAppConfig  
 Sat Nov 04 2017 11:31:00 GMT+0300 (EAT)
[debug] [2017-11-04T08:31:00.704Z] <<< HTTP RESPONSE 200
[info] i  hosting: Serving hosting files from: public
[info] ✔  hosting: Local server: http://localhost:5000

